{FileRestore}{0}{2017/12/9,3:20:3}FileOpened
{FileOpen}{0}{2017/12/9,3:20:5}Design File - D:\Bin\C#\GitHub\for Me(In Secret)\OpenJigWare\OpenJigWare\Tools\Tools\bin\Release\gundam2.ojw(v01.04.00)
{OjwDraw}{0}{2017/12/9,3:20:5}
**************[Error]***********
File Missing[14] -> body.stl,xl430.stl,shoulder.stl,elbo.stl,hand_r.stl,hand_l.stl,head.stl,pan_r.stl,leg_up.stl,leg_dn_r.stl,foot_R.stl,pan_l.stl,leg_dn_l.stl,foot_L.stl,
********************************
{2017/12/9,3:20:5}
------------------------
1'st. File Missing[14] -> body.stl,xl430.stl,shoulder.stl,elbo.stl,hand_r.stl,hand_l.stl,head.stl,pan_r.stl,leg_up.stl,leg_dn_r.stl,foot_R.stl,pan_l.stl,leg_dn_l.stl,foot_L.stl,
------------------------

{Param_Load}{0}{2017/12/9,4:48:35}Loaded Param data[8]
{Param_Load}{0}{2017/12/9,4:48:53}Loaded Param data[8]
{Param_Load}{0}{2017/12/9,4:49:3}Loaded Param data[8]
{Param_Save}{0}{2017/12/9,4:49:18}Loaded Param data[8]
{Param_Load}{0}{2017/12/9,4:49:21}Loaded Param data[8]
{Param_Save}{0}{2017/12/9,4:49:25}Loaded Param data[8]
{Param_Load}{0}{2017/12/9,4:50:40}Loaded Param data[8]
{Param_Save}{0}{2017/12/9,4:50:51}Loaded Param data[8]
{Param_Load}{0}{2017/12/9,4:51:9}Loaded Param data[8]
{DynamicInvokeImpl}{0}{2017/12/9,4:51:27}
**************[Error]***********
System.Net.Sockets.SocketException (0x80004005): WSACancelBlockingCall를 호출하여 차단 작업이 중단되었습니다
   위치: System.Net.Sockets.Socket.Accept()
   위치: rtaNetworking.Streaming.SocketExtensions.<IncommingConnectoins>d__0.MoveNext()
   위치: rtaNetworking.Streaming.ImageStreamingServer.ServerThread(Object state)
********************************
{2017/12/9,4:51:27}
------------------------
1'st. {0}
------------------------

{Param_Save}{0}{2017/12/9,4:51:28}Loaded Param data[8]
{Param_Load}{0}{2017/12/9,4:51:37}Loaded Param data[8]
{DynamicInvokeImpl}{0}{2017/12/9,4:52:6}
**************[Error]***********
System.Net.Sockets.SocketException (0x80004005): WSACancelBlockingCall를 호출하여 차단 작업이 중단되었습니다
   위치: System.Net.Sockets.Socket.Accept()
   위치: rtaNetworking.Streaming.SocketExtensions.<IncommingConnectoins>d__0.MoveNext()
   위치: rtaNetworking.Streaming.ImageStreamingServer.ServerThread(Object state)
********************************
{2017/12/9,4:52:6}
------------------------
1'st. {0}
------------------------

{Param_Save}{0}{2017/12/9,4:52:11}Loaded Param data[8]
{Param_Load}{0}{2017/12/9,4:52:48}Loaded Param data[8]
{OjwMouseDown}{0}{2017/12/9,4:52:50}MouseDown(Right) InverseNum=255, X[177], Y[84]
{FileRestore}{0}{2017/12/9,4:53:13}FileOpened
{FileOpen}{0}{2017/12/9,4:53:15}Design File - D:\Bin\C#\GitHub\for Me(In Secret)\OpenJigWare\OpenJigWare\Tools\Tools\bin\Release\gundam2.ojw(v01.04.00)
{OjwDraw}{0}{2017/12/9,4:53:15}
**************[Error]***********
File Missing[14] -> body.stl,xl430.stl,shoulder.stl,elbo.stl,hand_r.stl,hand_l.stl,head.stl,pan_r.stl,leg_up.stl,leg_dn_r.stl,foot_R.stl,pan_l.stl,leg_dn_l.stl,foot_L.stl,
********************************
{2017/12/9,4:53:15}
------------------------
1'st. File Missing[14] -> body.stl,xl430.stl,shoulder.stl,elbo.stl,hand_r.stl,hand_l.stl,head.stl,pan_r.stl,leg_up.stl,leg_dn_r.stl,foot_R.stl,pan_l.stl,leg_dn_l.stl,foot_L.stl,
------------------------

{Param_Save}{0}{2017/12/9,4:53:23}Loaded Param data[8]
{Param_Load}{0}{2017/12/9,5:30:52}Loaded Param data[8]
{Param_Save}{0}{2017/12/9,5:31:11}Loaded Param data[8]
{Param_Load}{0}{2017/12/9,5:32:29}Loaded Param data[8]
{Param_Save}{0}{2017/12/9,5:32:42}Loaded Param data[8]
{Param_Load}{0}{2017/12/9,5:33:31}Loaded Param data[8]
{Param_Save}{0}{2017/12/9,5:33:45}Loaded Param data[8]
{Param_Load}{0}{2017/12/9,15:45:39}Loaded Param data[8]
{Param_Load}{0}{2017/12/9,15:46:10}Loaded Param data[8]
{Param_Save}{0}{2017/12/9,15:46:27}Loaded Param data[8]
{Param_Load}{0}{2017/12/9,15:46:29}Loaded Param data[8]
{Param_Save}{0}{2017/12/9,15:46:51}Loaded Param data[8]
{Param_Load}{0}{2017/12/9,15:47:19}Loaded Param data[8]
{Param_Load}{0}{2017/12/9,15:47:45}Loaded Param data[8]
{Param_Save}{0}{2017/12/9,15:48:9}Loaded Param data[8]
{Param_Load}{0}{2017/12/9,15:48:30}Loaded Param data[8]
{Param_Save}{0}{2017/12/9,15:48:32}Loaded Param data[8]
{Param_Load}{0}{2017/12/9,15:48:36}Loaded Param data[8]
{DynamicInvokeImpl}{0}{2017/12/9,15:49:2}
**************[Error]***********
System.Net.Sockets.SocketException (0x80004005): WSACancelBlockingCall를 호출하여 차단 작업이 중단되었습니다
   위치: System.Net.Sockets.Socket.Accept()
   위치: rtaNetworking.Streaming.SocketExtensions.<IncommingConnectoins>d__0.MoveNext()
   위치: rtaNetworking.Streaming.ImageStreamingServer.ServerThread(Object state)
********************************
{2017/12/9,15:49:2}
------------------------
1'st. {0}
------------------------

{Param_Load}{0}{2017/12/9,15:49:9}Loaded Param data[8]
{Param_Save}{0}{2017/12/9,15:49:31}Loaded Param data[8]
{Param_Load}{0}{2017/12/9,15:49:55}Loaded Param data[8]
{DynamicInvokeImpl}{0}{2017/12/9,15:50:6}
**************[Error]***********
System.Net.Sockets.SocketException (0x80004005): WSACancelBlockingCall를 호출하여 차단 작업이 중단되었습니다
   위치: System.Net.Sockets.Socket.Accept()
   위치: rtaNetworking.Streaming.SocketExtensions.<IncommingConnectoins>d__0.MoveNext()
   위치: rtaNetworking.Streaming.ImageStreamingServer.ServerThread(Object state)
********************************
{2017/12/9,15:50:6}
------------------------
1'st. {0}
------------------------

{Param_Save}{0}{2017/12/9,15:50:8}Loaded Param data[8]
{Param_Load}{0}{2017/12/9,15:50:41}Loaded Param data[8]
