{2017/12/12,8:29:32}
------------------------
1'st. {0}
------------------------

{2017/12/12,18:38:38}
------------------------
1'st. {0}
------------------------

{2017/12/12,18:39:34}
------------------------
1'st. {0}
------------------------

{2017/12/12,18:46:2}
------------------------
1'st. {0}
------------------------

{2017/12/12,18:47:2}
------------------------
1'st. {0}
------------------------

{2017/12/12,18:49:33}
------------------------
1'st. {0}
------------------------

{2017/12/12,18:51:58}
------------------------
1'st. {0}
------------------------

{2017/12/12,18:52:50}
------------------------
1'st. {0}
------------------------

{2017/12/12,19:9:10}
------------------------
1'st. File Missing[12] -> dmb-b02(w).stl,dmf-b01(w).stl,xl-320d.stl,dmf-f01(w).stl,dmf-b03(w).stl,dmf-b04(w).stl,spo-5(gr).stl,spd-3b5(w).stl,spl-2b2(w).stl,spd-4b5(w).stl,dmf-b05(w).stl,dmf-b06(w).stl,
------------------------

{2017/12/12,19:11:35}
------------------------
1'st. {0}
------------------------

{2017/12/12,19:12:5}
------------------------
1'st. {0}
------------------------

{2017/12/12,19:14:59}
------------------------
1'st. File Missing[1] -> xl-320d.stl,
------------------------

{2017/12/12,19:16:20}
------------------------
1'st. {0}
------------------------

{2017/12/12,19:28:0}
------------------------
1'st. {0}
------------------------

{2017/12/12,19:41:25}
------------------------
1'st. {0}
------------------------

